Determining if the pthread_create exist failed with the following output:
Change Dir: /home/sung/workspace/gpu-voxels/gvl_ompl_planning/CMakeFiles/CMakeTmp

Run Build Command:"/usr/bin/make" "cmTC_14ad7/fast"
/usr/bin/make -f CMakeFiles/cmTC_14ad7.dir/build.make CMakeFiles/cmTC_14ad7.dir/build
make[1]: Entering directory '/home/sung/workspace/gpu-voxels/gvl_ompl_planning/CMakeFiles/CMakeTmp'
Building C object CMakeFiles/cmTC_14ad7.dir/CheckSymbolExists.c.o
/usr/bin/cc    -fPIC    -o CMakeFiles/cmTC_14ad7.dir/CheckSymbolExists.c.o   -c /home/sung/workspace/gpu-voxels/gvl_ompl_planning/CMakeFiles/CMakeTmp/CheckSymbolExists.c
Linking C executable cmTC_14ad7
/usr/bin/cmake -E cmake_link_script CMakeFiles/cmTC_14ad7.dir/link.txt --verbose=1
/usr/bin/cc  -fPIC     CMakeFiles/cmTC_14ad7.dir/CheckSymbolExists.c.o  -o cmTC_14ad7 -rdynamic 
CMakeFiles/cmTC_14ad7.dir/CheckSymbolExists.c.o: In function `main':
CheckSymbolExists.c:(.text+0x1b): undefined reference to `pthread_create'
collect2: error: ld returned 1 exit status
CMakeFiles/cmTC_14ad7.dir/build.make:97: recipe for target 'cmTC_14ad7' failed
make[1]: *** [cmTC_14ad7] Error 1
make[1]: Leaving directory '/home/sung/workspace/gpu-voxels/gvl_ompl_planning/CMakeFiles/CMakeTmp'
Makefile:126: recipe for target 'cmTC_14ad7/fast' failed
make: *** [cmTC_14ad7/fast] Error 2

File /home/sung/workspace/gpu-voxels/gvl_ompl_planning/CMakeFiles/CMakeTmp/CheckSymbolExists.c:
/* */
#include <pthread.h>

int main(int argc, char** argv)
{
  (void)argv;
#ifndef pthread_create
  return ((int*)(&pthread_create))[argc];
#else
  (void)argc;
  return 0;
#endif
}

Determining if the function pthread_create exists in the pthreads failed with the following output:
Change Dir: /home/sung/workspace/gpu-voxels/gvl_ompl_planning/CMakeFiles/CMakeTmp

Run Build Command:"/usr/bin/make" "cmTC_c19ae/fast"
/usr/bin/make -f CMakeFiles/cmTC_c19ae.dir/build.make CMakeFiles/cmTC_c19ae.dir/build
make[1]: Entering directory '/home/sung/workspace/gpu-voxels/gvl_ompl_planning/CMakeFiles/CMakeTmp'
Building C object CMakeFiles/cmTC_c19ae.dir/CheckFunctionExists.c.o
/usr/bin/cc    -fPIC -DCHECK_FUNCTION_EXISTS=pthread_create   -o CMakeFiles/cmTC_c19ae.dir/CheckFunctionExists.c.o   -c /usr/share/cmake-3.5/Modules/CheckFunctionExists.c
Linking C executable cmTC_c19ae
/usr/bin/cmake -E cmake_link_script CMakeFiles/cmTC_c19ae.dir/link.txt --verbose=1
/usr/bin/cc  -fPIC -DCHECK_FUNCTION_EXISTS=pthread_create    CMakeFiles/cmTC_c19ae.dir/CheckFunctionExists.c.o  -o cmTC_c19ae -rdynamic -lpthreads 
/usr/bin/ld: cannot find -lpthreads
collect2: error: ld returned 1 exit status
CMakeFiles/cmTC_c19ae.dir/build.make:97: recipe for target 'cmTC_c19ae' failed
make[1]: *** [cmTC_c19ae] Error 1
make[1]: Leaving directory '/home/sung/workspace/gpu-voxels/gvl_ompl_planning/CMakeFiles/CMakeTmp'
Makefile:126: recipe for target 'cmTC_c19ae/fast' failed
make: *** [cmTC_c19ae/fast] Error 2


Determining if the pthread_create exist failed with the following output:
Change Dir: /home/sung/workspace/gpu-voxels/gvl_ompl_planning/CMakeFiles/CMakeTmp

Run Build Command:"/usr/bin/make" "cmTC_ac1ee/fast"
/usr/bin/make -f CMakeFiles/cmTC_ac1ee.dir/build.make CMakeFiles/cmTC_ac1ee.dir/build
make[1]: Entering directory '/home/sung/workspace/gpu-voxels/gvl_ompl_planning/CMakeFiles/CMakeTmp'
Building C object CMakeFiles/cmTC_ac1ee.dir/CheckSymbolExists.c.o
/usr/bin/cc    -fPIC    -o CMakeFiles/cmTC_ac1ee.dir/CheckSymbolExists.c.o   -c /home/sung/workspace/gpu-voxels/gvl_ompl_planning/CMakeFiles/CMakeTmp/CheckSymbolExists.c
Linking C executable cmTC_ac1ee
/usr/bin/cmake -E cmake_link_script CMakeFiles/cmTC_ac1ee.dir/link.txt --verbose=1
/usr/bin/cc  -fPIC     CMakeFiles/cmTC_ac1ee.dir/CheckSymbolExists.c.o  -o cmTC_ac1ee -rdynamic 
CMakeFiles/cmTC_ac1ee.dir/CheckSymbolExists.c.o: In function `main':
CheckSymbolExists.c:(.text+0x1b): undefined reference to `pthread_create'
collect2: error: ld returned 1 exit status
CMakeFiles/cmTC_ac1ee.dir/build.make:97: recipe for target 'cmTC_ac1ee' failed
make[1]: *** [cmTC_ac1ee] Error 1
make[1]: Leaving directory '/home/sung/workspace/gpu-voxels/gvl_ompl_planning/CMakeFiles/CMakeTmp'
Makefile:126: recipe for target 'cmTC_ac1ee/fast' failed
make: *** [cmTC_ac1ee/fast] Error 2

File /home/sung/workspace/gpu-voxels/gvl_ompl_planning/CMakeFiles/CMakeTmp/CheckSymbolExists.c:
/* */
#include <pthread.h>

int main(int argc, char** argv)
{
  (void)argv;
#ifndef pthread_create
  return ((int*)(&pthread_create))[argc];
#else
  (void)argc;
  return 0;
#endif
}

Determining if the function pthread_create exists in the pthreads failed with the following output:
Change Dir: /home/sung/workspace/gpu-voxels/gvl_ompl_planning/CMakeFiles/CMakeTmp

Run Build Command:"/usr/bin/make" "cmTC_9c87c/fast"
/usr/bin/make -f CMakeFiles/cmTC_9c87c.dir/build.make CMakeFiles/cmTC_9c87c.dir/build
make[1]: Entering directory '/home/sung/workspace/gpu-voxels/gvl_ompl_planning/CMakeFiles/CMakeTmp'
Building C object CMakeFiles/cmTC_9c87c.dir/CheckFunctionExists.c.o
/usr/bin/cc    -fPIC -DCHECK_FUNCTION_EXISTS=pthread_create   -o CMakeFiles/cmTC_9c87c.dir/CheckFunctionExists.c.o   -c /usr/share/cmake-3.5/Modules/CheckFunctionExists.c
Linking C executable cmTC_9c87c
/usr/bin/cmake -E cmake_link_script CMakeFiles/cmTC_9c87c.dir/link.txt --verbose=1
/usr/bin/cc  -fPIC -DCHECK_FUNCTION_EXISTS=pthread_create    CMakeFiles/cmTC_9c87c.dir/CheckFunctionExists.c.o  -o cmTC_9c87c -rdynamic -lpthreads 
/usr/bin/ld: cannot find -lpthreads
collect2: error: ld returned 1 exit status
CMakeFiles/cmTC_9c87c.dir/build.make:97: recipe for target 'cmTC_9c87c' failed
make[1]: *** [cmTC_9c87c] Error 1
make[1]: Leaving directory '/home/sung/workspace/gpu-voxels/gvl_ompl_planning/CMakeFiles/CMakeTmp'
Makefile:126: recipe for target 'cmTC_9c87c/fast' failed
make: *** [cmTC_9c87c/fast] Error 2


Determining if the pthread_create exist failed with the following output:
Change Dir: /home/sung/workspace/gpu-voxels/gvl_ompl_planning_indy/CMakeFiles/CMakeTmp

Run Build Command:"/usr/bin/make" "cmTC_2d93c/fast"
/usr/bin/make -f CMakeFiles/cmTC_2d93c.dir/build.make CMakeFiles/cmTC_2d93c.dir/build
make[1]: Entering directory '/home/sung/workspace/gpu-voxels/gvl_ompl_planning_indy/CMakeFiles/CMakeTmp'
Building C object CMakeFiles/cmTC_2d93c.dir/CheckSymbolExists.c.o
/usr/bin/cc    -fPIC    -o CMakeFiles/cmTC_2d93c.dir/CheckSymbolExists.c.o   -c /home/sung/workspace/gpu-voxels/gvl_ompl_planning_indy/CMakeFiles/CMakeTmp/CheckSymbolExists.c
Linking C executable cmTC_2d93c
/usr/bin/cmake -E cmake_link_script CMakeFiles/cmTC_2d93c.dir/link.txt --verbose=1
/usr/bin/cc  -fPIC     CMakeFiles/cmTC_2d93c.dir/CheckSymbolExists.c.o  -o cmTC_2d93c -rdynamic 
CMakeFiles/cmTC_2d93c.dir/CheckSymbolExists.c.o: In function `main':
CheckSymbolExists.c:(.text+0x1b): undefined reference to `pthread_create'
collect2: error: ld returned 1 exit status
CMakeFiles/cmTC_2d93c.dir/build.make:97: recipe for target 'cmTC_2d93c' failed
make[1]: *** [cmTC_2d93c] Error 1
make[1]: Leaving directory '/home/sung/workspace/gpu-voxels/gvl_ompl_planning_indy/CMakeFiles/CMakeTmp'
Makefile:126: recipe for target 'cmTC_2d93c/fast' failed
make: *** [cmTC_2d93c/fast] Error 2

File /home/sung/workspace/gpu-voxels/gvl_ompl_planning_indy/CMakeFiles/CMakeTmp/CheckSymbolExists.c:
/* */
#include <pthread.h>

int main(int argc, char** argv)
{
  (void)argv;
#ifndef pthread_create
  return ((int*)(&pthread_create))[argc];
#else
  (void)argc;
  return 0;
#endif
}

Determining if the function pthread_create exists in the pthreads failed with the following output:
Change Dir: /home/sung/workspace/gpu-voxels/gvl_ompl_planning_indy/CMakeFiles/CMakeTmp

Run Build Command:"/usr/bin/make" "cmTC_91870/fast"
/usr/bin/make -f CMakeFiles/cmTC_91870.dir/build.make CMakeFiles/cmTC_91870.dir/build
make[1]: Entering directory '/home/sung/workspace/gpu-voxels/gvl_ompl_planning_indy/CMakeFiles/CMakeTmp'
Building C object CMakeFiles/cmTC_91870.dir/CheckFunctionExists.c.o
/usr/bin/cc    -fPIC -DCHECK_FUNCTION_EXISTS=pthread_create   -o CMakeFiles/cmTC_91870.dir/CheckFunctionExists.c.o   -c /usr/share/cmake-3.5/Modules/CheckFunctionExists.c
Linking C executable cmTC_91870
/usr/bin/cmake -E cmake_link_script CMakeFiles/cmTC_91870.dir/link.txt --verbose=1
/usr/bin/cc  -fPIC -DCHECK_FUNCTION_EXISTS=pthread_create    CMakeFiles/cmTC_91870.dir/CheckFunctionExists.c.o  -o cmTC_91870 -rdynamic -lpthreads 
/usr/bin/ld: cannot find -lpthreads
collect2: error: ld returned 1 exit status
CMakeFiles/cmTC_91870.dir/build.make:97: recipe for target 'cmTC_91870' failed
make[1]: *** [cmTC_91870] Error 1
make[1]: Leaving directory '/home/sung/workspace/gpu-voxels/gvl_ompl_planning_indy/CMakeFiles/CMakeTmp'
Makefile:126: recipe for target 'cmTC_91870/fast' failed
make: *** [cmTC_91870/fast] Error 2


Performing C SOURCE FILE Test CMAKE_HAVE_LIBC_PTHREAD failed with the following output:
Change Dir: /home/sung/workspace/gpu-voxels/gvl_ompl_planning_indy/CMakeFiles/CMakeTmp

Run Build Command(s):/usr/bin/make cmTC_63853/fast && /usr/bin/make  -f CMakeFiles/cmTC_63853.dir/build.make CMakeFiles/cmTC_63853.dir/build
make[1]: Entering directory '/home/sung/workspace/gpu-voxels/gvl_ompl_planning_indy/CMakeFiles/CMakeTmp'
Building C object CMakeFiles/cmTC_63853.dir/src.c.o
/usr/bin/cc   -fPIC -DCMAKE_HAVE_LIBC_PTHREAD -o CMakeFiles/cmTC_63853.dir/src.c.o -c /home/sung/workspace/gpu-voxels/gvl_ompl_planning_indy/CMakeFiles/CMakeTmp/src.c
Linking C executable cmTC_63853
/usr/local/lib/python3.5/dist-packages/cmake/data/bin/cmake -E cmake_link_script CMakeFiles/cmTC_63853.dir/link.txt --verbose=1
/usr/bin/cc -fPIC -DCMAKE_HAVE_LIBC_PTHREAD -rdynamic CMakeFiles/cmTC_63853.dir/src.c.o -o cmTC_63853 
CMakeFiles/cmTC_63853.dir/src.c.o: In function `main':
src.c:(.text+0x3e): undefined reference to `pthread_create'
src.c:(.text+0x4a): undefined reference to `pthread_detach'
src.c:(.text+0x56): undefined reference to `pthread_cancel'
src.c:(.text+0x67): undefined reference to `pthread_join'
src.c:(.text+0x7b): undefined reference to `pthread_atfork'
collect2: error: ld returned 1 exit status
CMakeFiles/cmTC_63853.dir/build.make:105: recipe for target 'cmTC_63853' failed
make[1]: *** [cmTC_63853] Error 1
make[1]: Leaving directory '/home/sung/workspace/gpu-voxels/gvl_ompl_planning_indy/CMakeFiles/CMakeTmp'
Makefile:140: recipe for target 'cmTC_63853/fast' failed
make: *** [cmTC_63853/fast] Error 2


Source file was:
#include <pthread.h>

void* test_func(void* data)
{
  return data;
}

int main(void)
{
  pthread_t thread;
  pthread_create(&thread, NULL, test_func, NULL);
  pthread_detach(thread);
  pthread_cancel(thread);
  pthread_join(thread, NULL);
  pthread_atfork(NULL, NULL, NULL);
  pthread_exit(NULL);

  return 0;
}

Determining if the pthread_create exist failed with the following output:
Change Dir: /home/sung/workspace/gpu-voxels/smc_gvl_panda/CMakeFiles/CMakeTmp

Run Build Command:"/usr/bin/make" "cmTC_6031c/fast"
/usr/bin/make -f CMakeFiles/cmTC_6031c.dir/build.make CMakeFiles/cmTC_6031c.dir/build
make[1]: Entering directory '/home/sung/workspace/gpu-voxels/smc_gvl_panda/CMakeFiles/CMakeTmp'
Building C object CMakeFiles/cmTC_6031c.dir/CheckSymbolExists.c.o
/usr/bin/cc    -fPIC    -o CMakeFiles/cmTC_6031c.dir/CheckSymbolExists.c.o   -c /home/sung/workspace/gpu-voxels/smc_gvl_panda/CMakeFiles/CMakeTmp/CheckSymbolExists.c
Linking C executable cmTC_6031c
/usr/bin/cmake -E cmake_link_script CMakeFiles/cmTC_6031c.dir/link.txt --verbose=1
/usr/bin/cc  -fPIC     CMakeFiles/cmTC_6031c.dir/CheckSymbolExists.c.o  -o cmTC_6031c -rdynamic 
CMakeFiles/cmTC_6031c.dir/CheckSymbolExists.c.o: In function `main':
CheckSymbolExists.c:(.text+0x1b): undefined reference to `pthread_create'
collect2: error: ld returned 1 exit status
CMakeFiles/cmTC_6031c.dir/build.make:97: recipe for target 'cmTC_6031c' failed
make[1]: *** [cmTC_6031c] Error 1
make[1]: Leaving directory '/home/sung/workspace/gpu-voxels/smc_gvl_panda/CMakeFiles/CMakeTmp'
Makefile:126: recipe for target 'cmTC_6031c/fast' failed
make: *** [cmTC_6031c/fast] Error 2

File /home/sung/workspace/gpu-voxels/smc_gvl_panda/CMakeFiles/CMakeTmp/CheckSymbolExists.c:
/* */
#include <pthread.h>

int main(int argc, char** argv)
{
  (void)argv;
#ifndef pthread_create
  return ((int*)(&pthread_create))[argc];
#else
  (void)argc;
  return 0;
#endif
}

Determining if the function pthread_create exists in the pthreads failed with the following output:
Change Dir: /home/sung/workspace/gpu-voxels/smc_gvl_panda/CMakeFiles/CMakeTmp

Run Build Command:"/usr/bin/make" "cmTC_08f87/fast"
/usr/bin/make -f CMakeFiles/cmTC_08f87.dir/build.make CMakeFiles/cmTC_08f87.dir/build
make[1]: Entering directory '/home/sung/workspace/gpu-voxels/smc_gvl_panda/CMakeFiles/CMakeTmp'
Building C object CMakeFiles/cmTC_08f87.dir/CheckFunctionExists.c.o
/usr/bin/cc    -fPIC -DCHECK_FUNCTION_EXISTS=pthread_create   -o CMakeFiles/cmTC_08f87.dir/CheckFunctionExists.c.o   -c /usr/share/cmake-3.5/Modules/CheckFunctionExists.c
Linking C executable cmTC_08f87
/usr/bin/cmake -E cmake_link_script CMakeFiles/cmTC_08f87.dir/link.txt --verbose=1
/usr/bin/cc  -fPIC -DCHECK_FUNCTION_EXISTS=pthread_create    CMakeFiles/cmTC_08f87.dir/CheckFunctionExists.c.o  -o cmTC_08f87 -rdynamic -lpthreads 
/usr/bin/ld: cannot find -lpthreads
collect2: error: ld returned 1 exit status
CMakeFiles/cmTC_08f87.dir/build.make:97: recipe for target 'cmTC_08f87' failed
make[1]: *** [cmTC_08f87] Error 1
make[1]: Leaving directory '/home/sung/workspace/gpu-voxels/smc_gvl_panda/CMakeFiles/CMakeTmp'
Makefile:126: recipe for target 'cmTC_08f87/fast' failed
make: *** [cmTC_08f87/fast] Error 2


Performing C SOURCE FILE Test CMAKE_HAVE_LIBC_PTHREAD failed with the following output:
Change Dir: /home/sung/workspace/gpu-voxels/smc_gvl_panda/CMakeFiles/CMakeTmp

Run Build Command(s):/usr/bin/make cmTC_7f4c7/fast && /usr/bin/make  -f CMakeFiles/cmTC_7f4c7.dir/build.make CMakeFiles/cmTC_7f4c7.dir/build
make[1]: Entering directory '/home/sung/workspace/gpu-voxels/smc_gvl_panda/CMakeFiles/CMakeTmp'
Building C object CMakeFiles/cmTC_7f4c7.dir/src.c.o
/usr/bin/cc   -fPIC -DCMAKE_HAVE_LIBC_PTHREAD -o CMakeFiles/cmTC_7f4c7.dir/src.c.o -c /home/sung/workspace/gpu-voxels/smc_gvl_panda/CMakeFiles/CMakeTmp/src.c
Linking C executable cmTC_7f4c7
/usr/local/lib/python3.5/dist-packages/cmake/data/bin/cmake -E cmake_link_script CMakeFiles/cmTC_7f4c7.dir/link.txt --verbose=1
/usr/bin/cc -fPIC -DCMAKE_HAVE_LIBC_PTHREAD -rdynamic CMakeFiles/cmTC_7f4c7.dir/src.c.o -o cmTC_7f4c7 
CMakeFiles/cmTC_7f4c7.dir/src.c.o: In function `main':
src.c:(.text+0x3e): undefined reference to `pthread_create'
src.c:(.text+0x4a): undefined reference to `pthread_detach'
src.c:(.text+0x56): undefined reference to `pthread_cancel'
src.c:(.text+0x67): undefined reference to `pthread_join'
src.c:(.text+0x7b): undefined reference to `pthread_atfork'
collect2: error: ld returned 1 exit status
CMakeFiles/cmTC_7f4c7.dir/build.make:105: recipe for target 'cmTC_7f4c7' failed
make[1]: *** [cmTC_7f4c7] Error 1
make[1]: Leaving directory '/home/sung/workspace/gpu-voxels/smc_gvl_panda/CMakeFiles/CMakeTmp'
Makefile:140: recipe for target 'cmTC_7f4c7/fast' failed
make: *** [cmTC_7f4c7/fast] Error 2


Source file was:
#include <pthread.h>

void* test_func(void* data)
{
  return data;
}

int main(void)
{
  pthread_t thread;
  pthread_create(&thread, NULL, test_func, NULL);
  pthread_detach(thread);
  pthread_cancel(thread);
  pthread_join(thread, NULL);
  pthread_atfork(NULL, NULL, NULL);
  pthread_exit(NULL);

  return 0;
}

Performing C SOURCE FILE Test CMAKE_HAVE_LIBC_PTHREAD failed with the following output:
Change Dir: /root/workspace/gpu_voxel_panda_sim/CMakeFiles/CMakeTmp

Run Build Command(s):/usr/bin/make cmTC_12213/fast && /usr/bin/make  -f CMakeFiles/cmTC_12213.dir/build.make CMakeFiles/cmTC_12213.dir/build
make[1]: Entering directory '/root/workspace/gpu_voxel_panda_sim/CMakeFiles/CMakeTmp'
Building C object CMakeFiles/cmTC_12213.dir/src.c.o
/usr/bin/cc   -DCMAKE_HAVE_LIBC_PTHREAD -o CMakeFiles/cmTC_12213.dir/src.c.o -c /root/workspace/gpu_voxel_panda_sim/CMakeFiles/CMakeTmp/src.c
Linking C executable cmTC_12213
/usr/local/bin/cmake -E cmake_link_script CMakeFiles/cmTC_12213.dir/link.txt --verbose=1
/usr/bin/cc  -DCMAKE_HAVE_LIBC_PTHREAD -rdynamic CMakeFiles/cmTC_12213.dir/src.c.o -o cmTC_12213 
CMakeFiles/cmTC_12213.dir/src.c.o: In function `main':
src.c:(.text+0x3c): undefined reference to `pthread_create'
src.c:(.text+0x48): undefined reference to `pthread_detach'
src.c:(.text+0x54): undefined reference to `pthread_cancel'
src.c:(.text+0x65): undefined reference to `pthread_join'
src.c:(.text+0x79): undefined reference to `pthread_atfork'
collect2: error: ld returned 1 exit status
CMakeFiles/cmTC_12213.dir/build.make:105: recipe for target 'cmTC_12213' failed
make[1]: *** [cmTC_12213] Error 1
make[1]: Leaving directory '/root/workspace/gpu_voxel_panda_sim/CMakeFiles/CMakeTmp'
Makefile:140: recipe for target 'cmTC_12213/fast' failed
make: *** [cmTC_12213/fast] Error 2


Source file was:
#include <pthread.h>

void* test_func(void* data)
{
  return data;
}

int main(void)
{
  pthread_t thread;
  pthread_create(&thread, NULL, test_func, NULL);
  pthread_detach(thread);
  pthread_cancel(thread);
  pthread_join(thread, NULL);
  pthread_atfork(NULL, NULL, NULL);
  pthread_exit(NULL);

  return 0;
}

Determining if the function pthread_create exists in the pthreads failed with the following output:
Change Dir: /root/workspace/gpu_voxel_panda_sim/CMakeFiles/CMakeTmp

Run Build Command(s):/usr/bin/make cmTC_5034e/fast && /usr/bin/make  -f CMakeFiles/cmTC_5034e.dir/build.make CMakeFiles/cmTC_5034e.dir/build
make[1]: Entering directory '/root/workspace/gpu_voxel_panda_sim/CMakeFiles/CMakeTmp'
Building C object CMakeFiles/cmTC_5034e.dir/CheckFunctionExists.c.o
/usr/bin/cc   -DCHECK_FUNCTION_EXISTS=pthread_create -o CMakeFiles/cmTC_5034e.dir/CheckFunctionExists.c.o -c /usr/local/share/cmake-3.18/Modules/CheckFunctionExists.c
Linking C executable cmTC_5034e
/usr/local/bin/cmake -E cmake_link_script CMakeFiles/cmTC_5034e.dir/link.txt --verbose=1
/usr/bin/cc  -DCHECK_FUNCTION_EXISTS=pthread_create -rdynamic CMakeFiles/cmTC_5034e.dir/CheckFunctionExists.c.o -o cmTC_5034e  -lpthreads 
/usr/bin/ld: cannot find -lpthreads
collect2: error: ld returned 1 exit status
CMakeFiles/cmTC_5034e.dir/build.make:105: recipe for target 'cmTC_5034e' failed
make[1]: *** [cmTC_5034e] Error 1
make[1]: Leaving directory '/root/workspace/gpu_voxel_panda_sim/CMakeFiles/CMakeTmp'
Makefile:140: recipe for target 'cmTC_5034e/fast' failed
make: *** [cmTC_5034e/fast] Error 2



Performing C SOURCE FILE Test CMAKE_HAVE_LIBC_PTHREAD failed with the following output:
Change Dir: /root/workspace/libfranka_gpu_voxel/CMakeFiles/CMakeTmp

Run Build Command(s):/usr/bin/make cmTC_c98aa/fast && /usr/bin/make  -f CMakeFiles/cmTC_c98aa.dir/build.make CMakeFiles/cmTC_c98aa.dir/build
make[1]: Entering directory '/root/workspace/libfranka_gpu_voxel/CMakeFiles/CMakeTmp'
Building C object CMakeFiles/cmTC_c98aa.dir/src.c.o
/usr/bin/cc   -DCMAKE_HAVE_LIBC_PTHREAD -o CMakeFiles/cmTC_c98aa.dir/src.c.o -c /root/workspace/libfranka_gpu_voxel/CMakeFiles/CMakeTmp/src.c
Linking C executable cmTC_c98aa
/usr/local/bin/cmake -E cmake_link_script CMakeFiles/cmTC_c98aa.dir/link.txt --verbose=1
/usr/bin/cc  -DCMAKE_HAVE_LIBC_PTHREAD -rdynamic CMakeFiles/cmTC_c98aa.dir/src.c.o -o cmTC_c98aa 
CMakeFiles/cmTC_c98aa.dir/src.c.o: In function `main':
src.c:(.text+0x3c): undefined reference to `pthread_create'
src.c:(.text+0x48): undefined reference to `pthread_detach'
src.c:(.text+0x54): undefined reference to `pthread_cancel'
src.c:(.text+0x65): undefined reference to `pthread_join'
src.c:(.text+0x79): undefined reference to `pthread_atfork'
collect2: error: ld returned 1 exit status
CMakeFiles/cmTC_c98aa.dir/build.make:105: recipe for target 'cmTC_c98aa' failed
make[1]: *** [cmTC_c98aa] Error 1
make[1]: Leaving directory '/root/workspace/libfranka_gpu_voxel/CMakeFiles/CMakeTmp'
Makefile:140: recipe for target 'cmTC_c98aa/fast' failed
make: *** [cmTC_c98aa/fast] Error 2


Source file was:
#include <pthread.h>

void* test_func(void* data)
{
  return data;
}

int main(void)
{
  pthread_t thread;
  pthread_create(&thread, NULL, test_func, NULL);
  pthread_detach(thread);
  pthread_cancel(thread);
  pthread_join(thread, NULL);
  pthread_atfork(NULL, NULL, NULL);
  pthread_exit(NULL);

  return 0;
}

Determining if the function pthread_create exists in the pthreads failed with the following output:
Change Dir: /root/workspace/libfranka_gpu_voxel/CMakeFiles/CMakeTmp

Run Build Command(s):/usr/bin/make cmTC_4ec28/fast && /usr/bin/make  -f CMakeFiles/cmTC_4ec28.dir/build.make CMakeFiles/cmTC_4ec28.dir/build
make[1]: Entering directory '/root/workspace/libfranka_gpu_voxel/CMakeFiles/CMakeTmp'
Building C object CMakeFiles/cmTC_4ec28.dir/CheckFunctionExists.c.o
/usr/bin/cc   -DCHECK_FUNCTION_EXISTS=pthread_create -o CMakeFiles/cmTC_4ec28.dir/CheckFunctionExists.c.o -c /usr/local/share/cmake-3.18/Modules/CheckFunctionExists.c
Linking C executable cmTC_4ec28
/usr/local/bin/cmake -E cmake_link_script CMakeFiles/cmTC_4ec28.dir/link.txt --verbose=1
/usr/bin/cc  -DCHECK_FUNCTION_EXISTS=pthread_create -rdynamic CMakeFiles/cmTC_4ec28.dir/CheckFunctionExists.c.o -o cmTC_4ec28  -lpthreads 
/usr/bin/ld: cannot find -lpthreads
collect2: error: ld returned 1 exit status
CMakeFiles/cmTC_4ec28.dir/build.make:105: recipe for target 'cmTC_4ec28' failed
make[1]: *** [cmTC_4ec28] Error 1
make[1]: Leaving directory '/root/workspace/libfranka_gpu_voxel/CMakeFiles/CMakeTmp'
Makefile:140: recipe for target 'cmTC_4ec28/fast' failed
make: *** [cmTC_4ec28/fast] Error 2



Performing C SOURCE FILE Test CMAKE_HAVE_LIBC_PTHREAD failed with the following output:
Change Dir: /root/workspace/libfranka_gpu_voxel/CMakeFiles/CMakeTmp

Run Build Command(s):/usr/bin/make cmTC_7c657/fast && /usr/bin/make  -f CMakeFiles/cmTC_7c657.dir/build.make CMakeFiles/cmTC_7c657.dir/build
make[1]: Entering directory '/root/workspace/libfranka_gpu_voxel/CMakeFiles/CMakeTmp'
Building C object CMakeFiles/cmTC_7c657.dir/src.c.o
/usr/bin/cc   -DCMAKE_HAVE_LIBC_PTHREAD -o CMakeFiles/cmTC_7c657.dir/src.c.o -c /root/workspace/libfranka_gpu_voxel/CMakeFiles/CMakeTmp/src.c
Linking C executable cmTC_7c657
/usr/local/bin/cmake -E cmake_link_script CMakeFiles/cmTC_7c657.dir/link.txt --verbose=1
/usr/bin/cc  -DCMAKE_HAVE_LIBC_PTHREAD -rdynamic CMakeFiles/cmTC_7c657.dir/src.c.o -o cmTC_7c657 
CMakeFiles/cmTC_7c657.dir/src.c.o: In function `main':
src.c:(.text+0x3c): undefined reference to `pthread_create'
src.c:(.text+0x48): undefined reference to `pthread_detach'
src.c:(.text+0x54): undefined reference to `pthread_cancel'
src.c:(.text+0x65): undefined reference to `pthread_join'
src.c:(.text+0x79): undefined reference to `pthread_atfork'
collect2: error: ld returned 1 exit status
CMakeFiles/cmTC_7c657.dir/build.make:105: recipe for target 'cmTC_7c657' failed
make[1]: *** [cmTC_7c657] Error 1
make[1]: Leaving directory '/root/workspace/libfranka_gpu_voxel/CMakeFiles/CMakeTmp'
Makefile:140: recipe for target 'cmTC_7c657/fast' failed
make: *** [cmTC_7c657/fast] Error 2


Source file was:
#include <pthread.h>

void* test_func(void* data)
{
  return data;
}

int main(void)
{
  pthread_t thread;
  pthread_create(&thread, NULL, test_func, NULL);
  pthread_detach(thread);
  pthread_cancel(thread);
  pthread_join(thread, NULL);
  pthread_atfork(NULL, NULL, NULL);
  pthread_exit(NULL);

  return 0;
}

Determining if the function pthread_create exists in the pthreads failed with the following output:
Change Dir: /root/workspace/libfranka_gpu_voxel/CMakeFiles/CMakeTmp

Run Build Command(s):/usr/bin/make cmTC_0378d/fast && /usr/bin/make  -f CMakeFiles/cmTC_0378d.dir/build.make CMakeFiles/cmTC_0378d.dir/build
make[1]: Entering directory '/root/workspace/libfranka_gpu_voxel/CMakeFiles/CMakeTmp'
Building C object CMakeFiles/cmTC_0378d.dir/CheckFunctionExists.c.o
/usr/bin/cc   -DCHECK_FUNCTION_EXISTS=pthread_create -o CMakeFiles/cmTC_0378d.dir/CheckFunctionExists.c.o -c /usr/local/share/cmake-3.18/Modules/CheckFunctionExists.c
Linking C executable cmTC_0378d
/usr/local/bin/cmake -E cmake_link_script CMakeFiles/cmTC_0378d.dir/link.txt --verbose=1
/usr/bin/cc  -DCHECK_FUNCTION_EXISTS=pthread_create -rdynamic CMakeFiles/cmTC_0378d.dir/CheckFunctionExists.c.o -o cmTC_0378d  -lpthreads 
/usr/bin/ld: cannot find -lpthreads
collect2: error: ld returned 1 exit status
CMakeFiles/cmTC_0378d.dir/build.make:105: recipe for target 'cmTC_0378d' failed
make[1]: *** [cmTC_0378d] Error 1
make[1]: Leaving directory '/root/workspace/libfranka_gpu_voxel/CMakeFiles/CMakeTmp'
Makefile:140: recipe for target 'cmTC_0378d/fast' failed
make: *** [cmTC_0378d/fast] Error 2



